TN:
SF:C:\desenvolvimento\nodejs\tdd\config\mysql_connection.js
FNF:0
FNH:0
DA:1,1
DA:3,1
DA:10,1
LF:3
LH:3
BRF:0
BRH:0
end_of_record
TN:
SF:C:\desenvolvimento\nodejs\tdd\src\app.js
FNF:0
FNH:0
DA:1,1
DA:2,1
DA:3,1
DA:4,1
DA:6,1
DA:7,1
DA:10,1
DA:12,1
DA:14,1
DA:19,1
DA:27,1
LF:11
LH:11
BRF:0
BRH:0
end_of_record
TN:
SF:C:\desenvolvimento\nodejs\tdd\src\controllers\usuarios.js
FN:5,(anonymous_0)
FN:14,(anonymous_1)
FN:25,(anonymous_2)
FN:35,(anonymous_3)
FN:41,(anonymous_4)
FN:45,(anonymous_5)
FN:57,(anonymous_6)
FNF:7
FNH:7
FNDA:1,(anonymous_0)
FNDA:1,(anonymous_1)
FNDA:4,(anonymous_2)
FNDA:3,(anonymous_3)
FNDA:2,(anonymous_4)
FNDA:2,(anonymous_5)
FNDA:1,(anonymous_6)
DA:1,1
DA:2,1
DA:3,1
DA:5,1
DA:7,1
DA:14,1
DA:15,1
DA:16,0
DA:17,0
DA:20,1
DA:25,1
DA:26,4
DA:27,1
DA:28,1
DA:29,1
DA:32,3
DA:36,3
DA:37,1
DA:38,1
DA:39,1
DA:41,2
DA:42,2
DA:46,2
DA:47,1
DA:48,1
DA:49,1
DA:52,1
DA:54,1
DA:58,1
LF:29
LH:27
BRDA:15,0,0,0
BRDA:15,0,1,1
BRDA:26,1,0,1
BRDA:26,1,1,3
BRDA:26,2,0,4
BRDA:26,2,1,3
BRDA:26,2,2,3
BRDA:36,3,0,1
BRDA:36,3,1,2
BRDA:46,4,0,1
BRDA:46,4,1,1
BRF:11
BRH:10
end_of_record
TN:
SF:C:\desenvolvimento\nodejs\tdd\src\routes\usuarios.js
FNF:0
FNH:0
DA:1,1
DA:2,1
DA:3,1
DA:6,1
DA:7,1
DA:11,1
LF:6
LH:6
BRF:0
BRH:0
end_of_record
